2025-02-01 14:46:00 | WARN | repo=a4m36jee-2014 | action=commit
2025-04-11 19:01:00 | WARN | repo=a4m36jee-2014 | action=edit | files=4
2025-01-20 10:10:00 | DEBUG | repo=a4m36jee-2014 | action=commit
2025-07-26 09:09:00 | INFO | repo=a4m36jee-2014 | action=commit
2025-04-01 08:45:00 | DEBUG | repo=a4m36jee-2014 | action=commit
2025-08-10 07:40:00 | DEBUG | repo=a4m36jee-2014 | action=commit
2025-08-17 11:16:00 | WARN | repo=a4m36jee-2014 | action=edit | files=5
2025-09-19 08:38:00 | DEBUG | repo=a4m36jee-2014 | action=commit
2025-09-16 08:23:00 | WARN | repo=a4m36jee-2014 | action=pull
2025-10-14 16:25:00 | WARN | repo=a4m36jee-2014 | action=commit
2025-04-23 07:36:00 | DEBUG | repo=a4m36jee-2014 | action=edit | files=5
2025-05-18 12:34:00 | INFO | repo=a4m36jee-2014 | action=commit
2025-06-18 19:58:00 | WARN | repo=a4m36jee-2014 | action=commit
2025-12-09 08:34:00 | WARN | repo=a4m36jee-2014 | action=commit
2025-03-28 15:08:00 | WARN | repo=a4m36jee-2014 | action=edit | files=3
2025-05-09 12:28:00 | DEBUG | repo=a4m36jee-2014 | action=commit
2025-04-12 21:59:00 | WARN | repo=a4m36jee-2014 | action=test | passed=true
2025-06-28 14:41:00 | DEBUG | repo=a4m36jee-2014 | action=commit
2025-07-16 16:15:00 | DEBUG | repo=a4m36jee-2014 | action=commit
2025-10-25 09:34:00 | DEBUG | repo=a4m36jee-2014 | action=pull
2025-12-26 21:08:00 | WARN | repo=a4m36jee-2014 | action=edit | files=4
2025-07-26 12:25:00 | DEBUG | repo=a4m36jee-2014 | action=edit | files=1
2025-06-21 11:07:00 | WARN | repo=a4m36jee-2014 | action=commit
